[{"useNaturalConf":true,"startTime":"Jan 28, 2024, 9:38:39 PM","endTime":"Jan 28, 2024, 9:39:13 PM","status":"FAIL","level":0,"isLeaf":false,"name":"Login Functionality","description":"","bddType":"com.aventstack.extentreports.gherkin.model.Feature","infoMap":{},"children":[{"useNaturalConf":true,"startTime":"Jan 28, 2024, 9:38:39 PM","endTime":"Jan 28, 2024, 9:39:00 PM","status":"FAIL","level":1,"isLeaf":false,"name":"User should be able to login with valid Credentials","description":"","bddType":"com.aventstack.extentreports.gherkin.model.Scenario","infoMap":{},"children":[{"useNaturalConf":true,"startTime":"Jan 28, 2024, 9:38:48 PM","endTime":"Jan 28, 2024, 9:38:48 PM","status":"PASS","level":2,"isLeaf":true,"name":"When User clicks on Login Link","description":"uk.co.heartbingo.steps.LoginSteps.userClicksOnLoginLink()","bddType":"com.aventstack.extentreports.gherkin.model.When","infoMap":{},"children":[],"logs":[{"timestamp":"Jan 28, 2024, 9:38:48 PM","status":"PASS","details":"","seq":0,"infoMap":{}}],"media":[],"exceptions":[],"authorSet":[],"categorySet":[],"deviceSet":[],"generatedLog":[]},{"useNaturalConf":true,"startTime":"Jan 28, 2024, 9:38:48 PM","endTime":"Jan 28, 2024, 9:38:52 PM","status":"PASS","level":2,"isLeaf":true,"name":"And User enters valid Username \"avinashp22@gmail.com\"","description":"uk.co.heartbingo.steps.LoginSteps.userEntersValidUsername(java.lang.String)","bddType":"com.aventstack.extentreports.gherkin.model.And","infoMap":{},"children":[],"logs":[{"timestamp":"Jan 28, 2024, 9:38:52 PM","status":"PASS","details":"","seq":0,"infoMap":{}}],"media":[],"exceptions":[],"authorSet":[],"categorySet":[],"deviceSet":[],"generatedLog":[]},{"useNaturalConf":true,"startTime":"Jan 28, 2024, 9:38:52 PM","endTime":"Jan 28, 2024, 9:38:52 PM","status":"PASS","level":2,"isLeaf":true,"name":"And User enters valid Password \"Prime123\"","description":"uk.co.heartbingo.steps.LoginSteps.userEntersValidPassword(java.lang.String)","bddType":"com.aventstack.extentreports.gherkin.model.And","infoMap":{},"children":[],"logs":[{"timestamp":"Jan 28, 2024, 9:38:52 PM","status":"PASS","details":"","seq":0,"infoMap":{}}],"media":[],"exceptions":[],"authorSet":[],"categorySet":[],"deviceSet":[],"generatedLog":[]},{"useNaturalConf":true,"startTime":"Jan 28, 2024, 9:38:52 PM","endTime":"Jan 28, 2024, 9:38:52 PM","status":"PASS","level":2,"isLeaf":true,"name":"And User clicks on Login Button","description":"uk.co.heartbingo.steps.LoginSteps.userClicksOnLoginButton()","bddType":"com.aventstack.extentreports.gherkin.model.And","infoMap":{},"children":[],"logs":[{"timestamp":"Jan 28, 2024, 9:38:52 PM","status":"PASS","details":"","seq":0,"infoMap":{}}],"media":[],"exceptions":[],"authorSet":[],"categorySet":[],"deviceSet":[],"generatedLog":[]},{"useNaturalConf":true,"startTime":"Jan 28, 2024, 9:38:52 PM","endTime":"Jan 28, 2024, 9:39:00 PM","status":"FAIL","level":2,"isLeaf":true,"name":"Then User should see Deposit link at the top","description":"uk.co.heartbingo.steps.LoginSteps.userShouldSeeDepositLinkAtTheTop()","bddType":"com.aventstack.extentreports.gherkin.model.Then","infoMap":{},"children":[],"logs":[{"timestamp":"Jan 28, 2024, 9:39:00 PM","status":"FAIL","details":"","seq":0,"infoMap":{},"exception":{"exception":{"extraInfo":{"Driver info":"org.openqa.selenium.chrome.ChromeDriver","Command":"[f12c17a3b61e07bc985b880741e8d38c, findElement {using\u003dlink text, value\u003dDeposit}]","Capabilities":"Capabilities {acceptInsecureCerts: false, browserName: chrome, browserVersion: 120.0.6099.227, chrome: {chromedriverVersion: 120.0.6099.109 (3419140ab66..., userDataDir: C:\\WINDOWS\\SystemTemp\\scope...}, fedcm:accounts: true, goog:chromeOptions: {debuggerAddress: localhost:34589}, networkConnectionEnabled: false, pageLoadStrategy: normal, platformName: windows, proxy: Proxy(), se:cdp: ws://localhost:34589/devtoo..., se:cdpVersion: 120.0.6099.227, setWindowRect: true, strictFileInteractability: false, timeouts: {implicit: 0, pageLoad: 300000, script: 30000}, unhandledPromptBehavior: dismiss and notify, webauthn:extension:credBlob: true, webauthn:extension:largeBlob: true, webauthn:extension:minPinLength: true, webauthn:extension:prf: true, webauthn:virtualAuthenticators: true}","Session ID":"f12c17a3b61e07bc985b880741e8d38c"},"detailMessage":"no such window: target window already closed\nfrom unknown error: web view not found\n  (Session info: chrome\u003d120.0.6099.227)","stackTrace":[{"moduleName":"java.base","moduleVersion":"17.0.8","declaringClass":"jdk.internal.reflect.NativeConstructorAccessorImpl","methodName":"newInstance0","fileName":"NativeConstructorAccessorImpl.java","lineNumber":-2,"format":2},{"moduleName":"java.base","moduleVersion":"17.0.8","declaringClass":"jdk.internal.reflect.NativeConstructorAccessorImpl","methodName":"newInstance","fileName":"NativeConstructorAccessorImpl.java","lineNumber":77,"format":2},{"moduleName":"java.base","moduleVersion":"17.0.8","declaringClass":"jdk.internal.reflect.DelegatingConstructorAccessorImpl","methodName":"newInstance","fileName":"DelegatingConstructorAccessorImpl.java","lineNumber":45,"format":2},{"moduleName":"java.base","moduleVersion":"17.0.8","declaringClass":"java.lang.reflect.Constructor","methodName":"newInstanceWithCaller","fileName":"Constructor.java","lineNumber":499,"format":2},{"moduleName":"java.base","moduleVersion":"17.0.8","declaringClass":"java.lang.reflect.Constructor","methodName":"newInstance","fileName":"Constructor.java","lineNumber":480,"format":2},{"classLoaderName":"app","declaringClass":"org.openqa.selenium.remote.codec.w3c.W3CHttpResponseCodec","methodName":"createException","fileName":"W3CHttpResponseCodec.java","lineNumber":200,"format":1},{"classLoaderName":"app","declaringClass":"org.openqa.selenium.remote.codec.w3c.W3CHttpResponseCodec","methodName":"decode","fileName":"W3CHttpResponseCodec.java","lineNumber":133,"format":1},{"classLoaderName":"app","declaringClass":"org.openqa.selenium.remote.codec.w3c.W3CHttpResponseCodec","methodName":"decode","fileName":"W3CHttpResponseCodec.java","lineNumber":52,"format":1},{"classLoaderName":"app","declaringClass":"org.openqa.selenium.remote.HttpCommandExecutor","methodName":"execute","fileName":"HttpCommandExecutor.java","lineNumber":191,"format":1},{"classLoaderName":"app","declaringClass":"org.openqa.selenium.remote.service.DriverCommandExecutor","methodName":"invokeExecute","fileName":"DriverCommandExecutor.java","lineNumber":200,"format":1},{"classLoaderName":"app","declaringClass":"org.openqa.selenium.remote.service.DriverCommandExecutor","methodName":"execute","fileName":"DriverCommandExecutor.java","lineNumber":175,"format":1},{"classLoaderName":"app","declaringClass":"org.openqa.selenium.remote.RemoteWebDriver","methodName":"execute","fileName":"RemoteWebDriver.java","lineNumber":523,"format":1},{"classLoaderName":"app","declaringClass":"org.openqa.selenium.remote.ElementLocation$ElementFinder$2","methodName":"findElement","fileName":"ElementLocation.java","lineNumber":165,"format":1},{"classLoaderName":"app","declaringClass":"org.openqa.selenium.remote.ElementLocation","methodName":"findElement","fileName":"ElementLocation.java","lineNumber":59,"format":1},{"classLoaderName":"app","declaringClass":"org.openqa.selenium.remote.RemoteWebDriver","methodName":"findElement","fileName":"RemoteWebDriver.java","lineNumber":360,"format":1},{"classLoaderName":"app","declaringClass":"org.openqa.selenium.remote.RemoteWebDriver","methodName":"findElement","fileName":"RemoteWebDriver.java","lineNumber":354,"format":1},{"classLoaderName":"app","declaringClass":"org.openqa.selenium.support.pagefactory.DefaultElementLocator","methodName":"findElement","fileName":"DefaultElementLocator.java","lineNumber":68,"format":1},{"classLoaderName":"app","declaringClass":"org.openqa.selenium.support.pagefactory.internal.LocatingElementHandler","methodName":"invoke","fileName":"LocatingElementHandler.java","lineNumber":38,"format":1},{"classLoaderName":"app","moduleName":"jdk.proxy2","declaringClass":"jdk.proxy2.$Proxy28","methodName":"getText","lineNumber":-1,"format":1},{"classLoaderName":"app","declaringClass":"uk.co.heartbingo.utility.Utility","methodName":"getTextFromElement","fileName":"Utility.java","lineNumber":70,"format":1},{"classLoaderName":"app","declaringClass":"uk.co.heartbingo.pages.LoginPage","methodName":"getDepositText","fileName":"LoginPage.java","lineNumber":83,"format":1},{"classLoaderName":"app","declaringClass":"uk.co.heartbingo.steps.LoginSteps","methodName":"userShouldSeeDepositLinkAtTheTop","fileName":"LoginSteps.java","lineNumber":32,"format":1},{"declaringClass":"✽","methodName":"User should see Deposit link at the top","fileName":"file:///C:/Users/Wilton/Homework/heartbingo-frontend/src/test/resources/features/LoginTest.feature","lineNumber":11,"format":0}],"suppressedExceptions":[]},"stackTrace":"org.openqa.selenium.NoSuchWindowException: no such window: target window already closed\nfrom unknown error: web view not found\n  (Session info: chrome\u003d120.0.6099.227)\nBuild info: version: \u00274.16.1\u0027, revision: \u00279b4c83354e\u0027\nSystem info: os.name: \u0027Windows 11\u0027, os.arch: \u0027amd64\u0027, os.version: \u002710.0\u0027, java.version: \u002717.0.8\u0027\nDriver info: org.openqa.selenium.chrome.ChromeDriver\nCommand: [f12c17a3b61e07bc985b880741e8d38c, findElement {using\u003dlink text, value\u003dDeposit}]\nCapabilities {acceptInsecureCerts: false, browserName: chrome, browserVersion: 120.0.6099.227, chrome: {chromedriverVersion: 120.0.6099.109 (3419140ab66..., userDataDir: C:\\WINDOWS\\SystemTemp\\scope...}, fedcm:accounts: true, goog:chromeOptions: {debuggerAddress: localhost:34589}, networkConnectionEnabled: false, pageLoadStrategy: normal, platformName: windows, proxy: Proxy(), se:cdp: ws://localhost:34589/devtoo..., se:cdpVersion: 120.0.6099.227, setWindowRect: true, strictFileInteractability: false, timeouts: {implicit: 0, pageLoad: 300000, script: 30000}, unhandledPromptBehavior: dismiss and notify, webauthn:extension:credBlob: true, webauthn:extension:largeBlob: true, webauthn:extension:minPinLength: true, webauthn:extension:prf: true, webauthn:virtualAuthenticators: true}\nSession ID: f12c17a3b61e07bc985b880741e8d38c\r\n\tat java.base/jdk.internal.reflect.NativeConstructorAccessorImpl.newInstance0(Native Method)\r\n\tat java.base/jdk.internal.reflect.NativeConstructorAccessorImpl.newInstance(NativeConstructorAccessorImpl.java:77)\r\n\tat java.base/jdk.internal.reflect.DelegatingConstructorAccessorImpl.newInstance(DelegatingConstructorAccessorImpl.java:45)\r\n\tat java.base/java.lang.reflect.Constructor.newInstanceWithCaller(Constructor.java:499)\r\n\tat java.base/java.lang.reflect.Constructor.newInstance(Constructor.java:480)\r\n\tat org.openqa.selenium.remote.codec.w3c.W3CHttpResponseCodec.createException(W3CHttpResponseCodec.java:200)\r\n\tat org.openqa.selenium.remote.codec.w3c.W3CHttpResponseCodec.decode(W3CHttpResponseCodec.java:133)\r\n\tat org.openqa.selenium.remote.codec.w3c.W3CHttpResponseCodec.decode(W3CHttpResponseCodec.java:52)\r\n\tat org.openqa.selenium.remote.HttpCommandExecutor.execute(HttpCommandExecutor.java:191)\r\n\tat org.openqa.selenium.remote.service.DriverCommandExecutor.invokeExecute(DriverCommandExecutor.java:200)\r\n\tat org.openqa.selenium.remote.service.DriverCommandExecutor.execute(DriverCommandExecutor.java:175)\r\n\tat org.openqa.selenium.remote.RemoteWebDriver.execute(RemoteWebDriver.java:523)\r\n\tat org.openqa.selenium.remote.ElementLocation$ElementFinder$2.findElement(ElementLocation.java:165)\r\n\tat org.openqa.selenium.remote.ElementLocation.findElement(ElementLocation.java:59)\r\n\tat org.openqa.selenium.remote.RemoteWebDriver.findElement(RemoteWebDriver.java:360)\r\n\tat org.openqa.selenium.remote.RemoteWebDriver.findElement(RemoteWebDriver.java:354)\r\n\tat org.openqa.selenium.support.pagefactory.DefaultElementLocator.findElement(DefaultElementLocator.java:68)\r\n\tat org.openqa.selenium.support.pagefactory.internal.LocatingElementHandler.invoke(LocatingElementHandler.java:38)\r\n\tat jdk.proxy2/jdk.proxy2.$Proxy28.getText(Unknown Source)\r\n\tat uk.co.heartbingo.utility.Utility.getTextFromElement(Utility.java:70)\r\n\tat uk.co.heartbingo.pages.LoginPage.getDepositText(LoginPage.java:83)\r\n\tat uk.co.heartbingo.steps.LoginSteps.userShouldSeeDepositLinkAtTheTop(LoginSteps.java:32)\r\n\tat ✽.User should see Deposit link at the top(file:///C:/Users/Wilton/Homework/heartbingo-frontend/src/test/resources/features/LoginTest.feature:11)\r\n","name":"org.openqa.selenium.NoSuchWindowException"}}],"media":[],"exceptions":[{"exception":{"extraInfo":{"Driver info":"org.openqa.selenium.chrome.ChromeDriver","Command":"[f12c17a3b61e07bc985b880741e8d38c, findElement {using\u003dlink text, value\u003dDeposit}]","Capabilities":"Capabilities {acceptInsecureCerts: false, browserName: chrome, browserVersion: 120.0.6099.227, chrome: {chromedriverVersion: 120.0.6099.109 (3419140ab66..., userDataDir: C:\\WINDOWS\\SystemTemp\\scope...}, fedcm:accounts: true, goog:chromeOptions: {debuggerAddress: localhost:34589}, networkConnectionEnabled: false, pageLoadStrategy: normal, platformName: windows, proxy: Proxy(), se:cdp: ws://localhost:34589/devtoo..., se:cdpVersion: 120.0.6099.227, setWindowRect: true, strictFileInteractability: false, timeouts: {implicit: 0, pageLoad: 300000, script: 30000}, unhandledPromptBehavior: dismiss and notify, webauthn:extension:credBlob: true, webauthn:extension:largeBlob: true, webauthn:extension:minPinLength: true, webauthn:extension:prf: true, webauthn:virtualAuthenticators: true}","Session ID":"f12c17a3b61e07bc985b880741e8d38c"},"detailMessage":"no such window: target window already closed\nfrom unknown error: web view not found\n  (Session info: chrome\u003d120.0.6099.227)","stackTrace":[{"moduleName":"java.base","moduleVersion":"17.0.8","declaringClass":"jdk.internal.reflect.NativeConstructorAccessorImpl","methodName":"newInstance0","fileName":"NativeConstructorAccessorImpl.java","lineNumber":-2,"format":2},{"moduleName":"java.base","moduleVersion":"17.0.8","declaringClass":"jdk.internal.reflect.NativeConstructorAccessorImpl","methodName":"newInstance","fileName":"NativeConstructorAccessorImpl.java","lineNumber":77,"format":2},{"moduleName":"java.base","moduleVersion":"17.0.8","declaringClass":"jdk.internal.reflect.DelegatingConstructorAccessorImpl","methodName":"newInstance","fileName":"DelegatingConstructorAccessorImpl.java","lineNumber":45,"format":2},{"moduleName":"java.base","moduleVersion":"17.0.8","declaringClass":"java.lang.reflect.Constructor","methodName":"newInstanceWithCaller","fileName":"Constructor.java","lineNumber":499,"format":2},{"moduleName":"java.base","moduleVersion":"17.0.8","declaringClass":"java.lang.reflect.Constructor","methodName":"newInstance","fileName":"Constructor.java","lineNumber":480,"format":2},{"classLoaderName":"app","declaringClass":"org.openqa.selenium.remote.codec.w3c.W3CHttpResponseCodec","methodName":"createException","fileName":"W3CHttpResponseCodec.java","lineNumber":200,"format":1},{"classLoaderName":"app","declaringClass":"org.openqa.selenium.remote.codec.w3c.W3CHttpResponseCodec","methodName":"decode","fileName":"W3CHttpResponseCodec.java","lineNumber":133,"format":1},{"classLoaderName":"app","declaringClass":"org.openqa.selenium.remote.codec.w3c.W3CHttpResponseCodec","methodName":"decode","fileName":"W3CHttpResponseCodec.java","lineNumber":52,"format":1},{"classLoaderName":"app","declaringClass":"org.openqa.selenium.remote.HttpCommandExecutor","methodName":"execute","fileName":"HttpCommandExecutor.java","lineNumber":191,"format":1},{"classLoaderName":"app","declaringClass":"org.openqa.selenium.remote.service.DriverCommandExecutor","methodName":"invokeExecute","fileName":"DriverCommandExecutor.java","lineNumber":200,"format":1},{"classLoaderName":"app","declaringClass":"org.openqa.selenium.remote.service.DriverCommandExecutor","methodName":"execute","fileName":"DriverCommandExecutor.java","lineNumber":175,"format":1},{"classLoaderName":"app","declaringClass":"org.openqa.selenium.remote.RemoteWebDriver","methodName":"execute","fileName":"RemoteWebDriver.java","lineNumber":523,"format":1},{"classLoaderName":"app","declaringClass":"org.openqa.selenium.remote.ElementLocation$ElementFinder$2","methodName":"findElement","fileName":"ElementLocation.java","lineNumber":165,"format":1},{"classLoaderName":"app","declaringClass":"org.openqa.selenium.remote.ElementLocation","methodName":"findElement","fileName":"ElementLocation.java","lineNumber":59,"format":1},{"classLoaderName":"app","declaringClass":"org.openqa.selenium.remote.RemoteWebDriver","methodName":"findElement","fileName":"RemoteWebDriver.java","lineNumber":360,"format":1},{"classLoaderName":"app","declaringClass":"org.openqa.selenium.remote.RemoteWebDriver","methodName":"findElement","fileName":"RemoteWebDriver.java","lineNumber":354,"format":1},{"classLoaderName":"app","declaringClass":"org.openqa.selenium.support.pagefactory.DefaultElementLocator","methodName":"findElement","fileName":"DefaultElementLocator.java","lineNumber":68,"format":1},{"classLoaderName":"app","declaringClass":"org.openqa.selenium.support.pagefactory.internal.LocatingElementHandler","methodName":"invoke","fileName":"LocatingElementHandler.java","lineNumber":38,"format":1},{"classLoaderName":"app","moduleName":"jdk.proxy2","declaringClass":"jdk.proxy2.$Proxy28","methodName":"getText","lineNumber":-1,"format":1},{"classLoaderName":"app","declaringClass":"uk.co.heartbingo.utility.Utility","methodName":"getTextFromElement","fileName":"Utility.java","lineNumber":70,"format":1},{"classLoaderName":"app","declaringClass":"uk.co.heartbingo.pages.LoginPage","methodName":"getDepositText","fileName":"LoginPage.java","lineNumber":83,"format":1},{"classLoaderName":"app","declaringClass":"uk.co.heartbingo.steps.LoginSteps","methodName":"userShouldSeeDepositLinkAtTheTop","fileName":"LoginSteps.java","lineNumber":32,"format":1},{"declaringClass":"✽","methodName":"User should see Deposit link at the top","fileName":"file:///C:/Users/Wilton/Homework/heartbingo-frontend/src/test/resources/features/LoginTest.feature","lineNumber":11,"format":0}],"suppressedExceptions":[]},"stackTrace":"org.openqa.selenium.NoSuchWindowException: no such window: target window already closed\nfrom unknown error: web view not found\n  (Session info: chrome\u003d120.0.6099.227)\nBuild info: version: \u00274.16.1\u0027, revision: \u00279b4c83354e\u0027\nSystem info: os.name: \u0027Windows 11\u0027, os.arch: \u0027amd64\u0027, os.version: \u002710.0\u0027, java.version: \u002717.0.8\u0027\nDriver info: org.openqa.selenium.chrome.ChromeDriver\nCommand: [f12c17a3b61e07bc985b880741e8d38c, findElement {using\u003dlink text, value\u003dDeposit}]\nCapabilities {acceptInsecureCerts: false, browserName: chrome, browserVersion: 120.0.6099.227, chrome: {chromedriverVersion: 120.0.6099.109 (3419140ab66..., userDataDir: C:\\WINDOWS\\SystemTemp\\scope...}, fedcm:accounts: true, goog:chromeOptions: {debuggerAddress: localhost:34589}, networkConnectionEnabled: false, pageLoadStrategy: normal, platformName: windows, proxy: Proxy(), se:cdp: ws://localhost:34589/devtoo..., se:cdpVersion: 120.0.6099.227, setWindowRect: true, strictFileInteractability: false, timeouts: {implicit: 0, pageLoad: 300000, script: 30000}, unhandledPromptBehavior: dismiss and notify, webauthn:extension:credBlob: true, webauthn:extension:largeBlob: true, webauthn:extension:minPinLength: true, webauthn:extension:prf: true, webauthn:virtualAuthenticators: true}\nSession ID: f12c17a3b61e07bc985b880741e8d38c\r\n\tat java.base/jdk.internal.reflect.NativeConstructorAccessorImpl.newInstance0(Native Method)\r\n\tat java.base/jdk.internal.reflect.NativeConstructorAccessorImpl.newInstance(NativeConstructorAccessorImpl.java:77)\r\n\tat java.base/jdk.internal.reflect.DelegatingConstructorAccessorImpl.newInstance(DelegatingConstructorAccessorImpl.java:45)\r\n\tat java.base/java.lang.reflect.Constructor.newInstanceWithCaller(Constructor.java:499)\r\n\tat java.base/java.lang.reflect.Constructor.newInstance(Constructor.java:480)\r\n\tat org.openqa.selenium.remote.codec.w3c.W3CHttpResponseCodec.createException(W3CHttpResponseCodec.java:200)\r\n\tat org.openqa.selenium.remote.codec.w3c.W3CHttpResponseCodec.decode(W3CHttpResponseCodec.java:133)\r\n\tat org.openqa.selenium.remote.codec.w3c.W3CHttpResponseCodec.decode(W3CHttpResponseCodec.java:52)\r\n\tat org.openqa.selenium.remote.HttpCommandExecutor.execute(HttpCommandExecutor.java:191)\r\n\tat org.openqa.selenium.remote.service.DriverCommandExecutor.invokeExecute(DriverCommandExecutor.java:200)\r\n\tat org.openqa.selenium.remote.service.DriverCommandExecutor.execute(DriverCommandExecutor.java:175)\r\n\tat org.openqa.selenium.remote.RemoteWebDriver.execute(RemoteWebDriver.java:523)\r\n\tat org.openqa.selenium.remote.ElementLocation$ElementFinder$2.findElement(ElementLocation.java:165)\r\n\tat org.openqa.selenium.remote.ElementLocation.findElement(ElementLocation.java:59)\r\n\tat org.openqa.selenium.remote.RemoteWebDriver.findElement(RemoteWebDriver.java:360)\r\n\tat org.openqa.selenium.remote.RemoteWebDriver.findElement(RemoteWebDriver.java:354)\r\n\tat org.openqa.selenium.support.pagefactory.DefaultElementLocator.findElement(DefaultElementLocator.java:68)\r\n\tat org.openqa.selenium.support.pagefactory.internal.LocatingElementHandler.invoke(LocatingElementHandler.java:38)\r\n\tat jdk.proxy2/jdk.proxy2.$Proxy28.getText(Unknown Source)\r\n\tat uk.co.heartbingo.utility.Utility.getTextFromElement(Utility.java:70)\r\n\tat uk.co.heartbingo.pages.LoginPage.getDepositText(LoginPage.java:83)\r\n\tat uk.co.heartbingo.steps.LoginSteps.userShouldSeeDepositLinkAtTheTop(LoginSteps.java:32)\r\n\tat ✽.User should see Deposit link at the top(file:///C:/Users/Wilton/Homework/heartbingo-frontend/src/test/resources/features/LoginTest.feature:11)\r\n","name":"org.openqa.selenium.NoSuchWindowException"}],"authorSet":[],"categorySet":[],"deviceSet":[],"generatedLog":[]},{"useNaturalConf":true,"startTime":"Jan 28, 2024, 9:39:00 PM","endTime":"Jan 28, 2024, 9:39:00 PM","status":"SKIP","level":2,"isLeaf":true,"name":"And User clicks on My Account Button","description":"uk.co.heartbingo.steps.LoginSteps.userClicksOnMyAccountButton()","bddType":"com.aventstack.extentreports.gherkin.model.And","infoMap":{},"children":[],"logs":[{"timestamp":"Jan 28, 2024, 9:39:00 PM","status":"SKIP","details":"Step skipped","seq":0,"infoMap":{}}],"media":[],"exceptions":[],"authorSet":[],"categorySet":[],"deviceSet":[],"generatedLog":[]},{"useNaturalConf":true,"startTime":"Jan 28, 2024, 9:39:00 PM","endTime":"Jan 28, 2024, 9:39:00 PM","status":"SKIP","level":2,"isLeaf":true,"name":"Then User should see the Logout Button","description":"uk.co.heartbingo.steps.LoginSteps.userShouldSeeTheLogoutButton()","bddType":"com.aventstack.extentreports.gherkin.model.Then","infoMap":{},"children":[],"logs":[{"timestamp":"Jan 28, 2024, 9:39:00 PM","status":"SKIP","details":"Step skipped","seq":0,"infoMap":{}}],"media":[],"exceptions":[],"authorSet":[],"categorySet":[],"deviceSet":[],"generatedLog":[]},{"useNaturalConf":true,"startTime":"Jan 28, 2024, 9:39:00 PM","endTime":"Jan 28, 2024, 9:39:00 PM","status":"SKIP","level":2,"isLeaf":true,"name":"Then User clicks the Logout Button","description":"uk.co.heartbingo.steps.LoginSteps.userClicksTheLogoutButton()","bddType":"com.aventstack.extentreports.gherkin.model.Then","infoMap":{},"children":[],"logs":[{"timestamp":"Jan 28, 2024, 9:39:00 PM","status":"SKIP","details":"Step skipped","seq":0,"infoMap":{}}],"media":[],"exceptions":[],"authorSet":[],"categorySet":[],"deviceSet":[],"generatedLog":[]},{"useNaturalConf":true,"startTime":"Jan 28, 2024, 9:39:00 PM","endTime":"Jan 28, 2024, 9:39:00 PM","status":"FAIL","level":2,"isLeaf":true,"name":"uk.co.heartbingo.steps.Hooks.tearDown(io.cucumber.java.Scenario)","description":"AFTER","bddType":"com.aventstack.extentreports.gherkin.model.Asterisk","infoMap":{},"children":[],"logs":[{"timestamp":"Jan 28, 2024, 9:39:00 PM","status":"FAIL","details":"","seq":0,"infoMap":{},"exception":{"exception":{"extraInfo":{"Driver info":"org.openqa.selenium.chrome.ChromeDriver","Command":"[f12c17a3b61e07bc985b880741e8d38c, screenshot {}]","Capabilities":"Capabilities {acceptInsecureCerts: false, browserName: chrome, browserVersion: 120.0.6099.227, chrome: {chromedriverVersion: 120.0.6099.109 (3419140ab66..., userDataDir: C:\\WINDOWS\\SystemTemp\\scope...}, fedcm:accounts: true, goog:chromeOptions: {debuggerAddress: localhost:34589}, networkConnectionEnabled: false, pageLoadStrategy: normal, platformName: windows, proxy: Proxy(), se:cdp: ws://localhost:34589/devtoo..., se:cdpVersion: 120.0.6099.227, setWindowRect: true, strictFileInteractability: false, timeouts: {implicit: 0, pageLoad: 300000, script: 30000}, unhandledPromptBehavior: dismiss and notify, webauthn:extension:credBlob: true, webauthn:extension:largeBlob: true, webauthn:extension:minPinLength: true, webauthn:extension:prf: true, webauthn:virtualAuthenticators: true}","Session ID":"f12c17a3b61e07bc985b880741e8d38c"},"detailMessage":"no such window: target window already closed\nfrom unknown error: web view not found\n  (Session info: chrome\u003d120.0.6099.227)","stackTrace":[{"moduleName":"java.base","moduleVersion":"17.0.8","declaringClass":"jdk.internal.reflect.NativeConstructorAccessorImpl","methodName":"newInstance0","fileName":"NativeConstructorAccessorImpl.java","lineNumber":-2,"format":2},{"moduleName":"java.base","moduleVersion":"17.0.8","declaringClass":"jdk.internal.reflect.NativeConstructorAccessorImpl","methodName":"newInstance","fileName":"NativeConstructorAccessorImpl.java","lineNumber":77,"format":2},{"moduleName":"java.base","moduleVersion":"17.0.8","declaringClass":"jdk.internal.reflect.DelegatingConstructorAccessorImpl","methodName":"newInstance","fileName":"DelegatingConstructorAccessorImpl.java","lineNumber":45,"format":2},{"moduleName":"java.base","moduleVersion":"17.0.8","declaringClass":"java.lang.reflect.Constructor","methodName":"newInstanceWithCaller","fileName":"Constructor.java","lineNumber":499,"format":2},{"moduleName":"java.base","moduleVersion":"17.0.8","declaringClass":"java.lang.reflect.Constructor","methodName":"newInstance","fileName":"Constructor.java","lineNumber":480,"format":2},{"classLoaderName":"app","declaringClass":"org.openqa.selenium.remote.codec.w3c.W3CHttpResponseCodec","methodName":"createException","fileName":"W3CHttpResponseCodec.java","lineNumber":200,"format":1},{"classLoaderName":"app","declaringClass":"org.openqa.selenium.remote.codec.w3c.W3CHttpResponseCodec","methodName":"decode","fileName":"W3CHttpResponseCodec.java","lineNumber":133,"format":1},{"classLoaderName":"app","declaringClass":"org.openqa.selenium.remote.codec.w3c.W3CHttpResponseCodec","methodName":"decode","fileName":"W3CHttpResponseCodec.java","lineNumber":52,"format":1},{"classLoaderName":"app","declaringClass":"org.openqa.selenium.remote.HttpCommandExecutor","methodName":"execute","fileName":"HttpCommandExecutor.java","lineNumber":191,"format":1},{"classLoaderName":"app","declaringClass":"org.openqa.selenium.remote.service.DriverCommandExecutor","methodName":"invokeExecute","fileName":"DriverCommandExecutor.java","lineNumber":200,"format":1},{"classLoaderName":"app","declaringClass":"org.openqa.selenium.remote.service.DriverCommandExecutor","methodName":"execute","fileName":"DriverCommandExecutor.java","lineNumber":175,"format":1},{"classLoaderName":"app","declaringClass":"org.openqa.selenium.remote.RemoteWebDriver","methodName":"execute","fileName":"RemoteWebDriver.java","lineNumber":523,"format":1},{"classLoaderName":"app","declaringClass":"org.openqa.selenium.remote.RemoteWebDriver","methodName":"execute","fileName":"RemoteWebDriver.java","lineNumber":596,"format":1},{"classLoaderName":"app","declaringClass":"org.openqa.selenium.remote.RemoteWebDriver","methodName":"execute","fileName":"RemoteWebDriver.java","lineNumber":600,"format":1},{"classLoaderName":"app","declaringClass":"org.openqa.selenium.remote.RemoteWebDriver","methodName":"getScreenshotAs","fileName":"RemoteWebDriver.java","lineNumber":326,"format":1},{"classLoaderName":"app","declaringClass":"uk.co.heartbingo.utility.Utility","methodName":"getScreenShot","fileName":"Utility.java","lineNumber":491,"format":1},{"classLoaderName":"app","declaringClass":"uk.co.heartbingo.steps.Hooks","methodName":"tearDown","fileName":"Hooks.java","lineNumber":18,"format":1}],"suppressedExceptions":[]},"stackTrace":"org.openqa.selenium.NoSuchWindowException: no such window: target window already closed\nfrom unknown error: web view not found\n  (Session info: chrome\u003d120.0.6099.227)\nBuild info: version: \u00274.16.1\u0027, revision: \u00279b4c83354e\u0027\nSystem info: os.name: \u0027Windows 11\u0027, os.arch: \u0027amd64\u0027, os.version: \u002710.0\u0027, java.version: \u002717.0.8\u0027\nDriver info: org.openqa.selenium.chrome.ChromeDriver\nCommand: [f12c17a3b61e07bc985b880741e8d38c, screenshot {}]\nCapabilities {acceptInsecureCerts: false, browserName: chrome, browserVersion: 120.0.6099.227, chrome: {chromedriverVersion: 120.0.6099.109 (3419140ab66..., userDataDir: C:\\WINDOWS\\SystemTemp\\scope...}, fedcm:accounts: true, goog:chromeOptions: {debuggerAddress: localhost:34589}, networkConnectionEnabled: false, pageLoadStrategy: normal, platformName: windows, proxy: Proxy(), se:cdp: ws://localhost:34589/devtoo..., se:cdpVersion: 120.0.6099.227, setWindowRect: true, strictFileInteractability: false, timeouts: {implicit: 0, pageLoad: 300000, script: 30000}, unhandledPromptBehavior: dismiss and notify, webauthn:extension:credBlob: true, webauthn:extension:largeBlob: true, webauthn:extension:minPinLength: true, webauthn:extension:prf: true, webauthn:virtualAuthenticators: true}\nSession ID: f12c17a3b61e07bc985b880741e8d38c\r\n\tat java.base/jdk.internal.reflect.NativeConstructorAccessorImpl.newInstance0(Native Method)\r\n\tat java.base/jdk.internal.reflect.NativeConstructorAccessorImpl.newInstance(NativeConstructorAccessorImpl.java:77)\r\n\tat java.base/jdk.internal.reflect.DelegatingConstructorAccessorImpl.newInstance(DelegatingConstructorAccessorImpl.java:45)\r\n\tat java.base/java.lang.reflect.Constructor.newInstanceWithCaller(Constructor.java:499)\r\n\tat java.base/java.lang.reflect.Constructor.newInstance(Constructor.java:480)\r\n\tat org.openqa.selenium.remote.codec.w3c.W3CHttpResponseCodec.createException(W3CHttpResponseCodec.java:200)\r\n\tat org.openqa.selenium.remote.codec.w3c.W3CHttpResponseCodec.decode(W3CHttpResponseCodec.java:133)\r\n\tat org.openqa.selenium.remote.codec.w3c.W3CHttpResponseCodec.decode(W3CHttpResponseCodec.java:52)\r\n\tat org.openqa.selenium.remote.HttpCommandExecutor.execute(HttpCommandExecutor.java:191)\r\n\tat org.openqa.selenium.remote.service.DriverCommandExecutor.invokeExecute(DriverCommandExecutor.java:200)\r\n\tat org.openqa.selenium.remote.service.DriverCommandExecutor.execute(DriverCommandExecutor.java:175)\r\n\tat org.openqa.selenium.remote.RemoteWebDriver.execute(RemoteWebDriver.java:523)\r\n\tat org.openqa.selenium.remote.RemoteWebDriver.execute(RemoteWebDriver.java:596)\r\n\tat org.openqa.selenium.remote.RemoteWebDriver.execute(RemoteWebDriver.java:600)\r\n\tat org.openqa.selenium.remote.RemoteWebDriver.getScreenshotAs(RemoteWebDriver.java:326)\r\n\tat uk.co.heartbingo.utility.Utility.getScreenShot(Utility.java:491)\r\n\tat uk.co.heartbingo.steps.Hooks.tearDown(Hooks.java:18)\r\n","name":"org.openqa.selenium.NoSuchWindowException"}}],"media":[],"exceptions":[{"exception":{"extraInfo":{"Driver info":"org.openqa.selenium.chrome.ChromeDriver","Command":"[f12c17a3b61e07bc985b880741e8d38c, screenshot {}]","Capabilities":"Capabilities {acceptInsecureCerts: false, browserName: chrome, browserVersion: 120.0.6099.227, chrome: {chromedriverVersion: 120.0.6099.109 (3419140ab66..., userDataDir: C:\\WINDOWS\\SystemTemp\\scope...}, fedcm:accounts: true, goog:chromeOptions: {debuggerAddress: localhost:34589}, networkConnectionEnabled: false, pageLoadStrategy: normal, platformName: windows, proxy: Proxy(), se:cdp: ws://localhost:34589/devtoo..., se:cdpVersion: 120.0.6099.227, setWindowRect: true, strictFileInteractability: false, timeouts: {implicit: 0, pageLoad: 300000, script: 30000}, unhandledPromptBehavior: dismiss and notify, webauthn:extension:credBlob: true, webauthn:extension:largeBlob: true, webauthn:extension:minPinLength: true, webauthn:extension:prf: true, webauthn:virtualAuthenticators: true}","Session ID":"f12c17a3b61e07bc985b880741e8d38c"},"detailMessage":"no such window: target window already closed\nfrom unknown error: web view not found\n  (Session info: chrome\u003d120.0.6099.227)","stackTrace":[{"moduleName":"java.base","moduleVersion":"17.0.8","declaringClass":"jdk.internal.reflect.NativeConstructorAccessorImpl","methodName":"newInstance0","fileName":"NativeConstructorAccessorImpl.java","lineNumber":-2,"format":2},{"moduleName":"java.base","moduleVersion":"17.0.8","declaringClass":"jdk.internal.reflect.NativeConstructorAccessorImpl","methodName":"newInstance","fileName":"NativeConstructorAccessorImpl.java","lineNumber":77,"format":2},{"moduleName":"java.base","moduleVersion":"17.0.8","declaringClass":"jdk.internal.reflect.DelegatingConstructorAccessorImpl","methodName":"newInstance","fileName":"DelegatingConstructorAccessorImpl.java","lineNumber":45,"format":2},{"moduleName":"java.base","moduleVersion":"17.0.8","declaringClass":"java.lang.reflect.Constructor","methodName":"newInstanceWithCaller","fileName":"Constructor.java","lineNumber":499,"format":2},{"moduleName":"java.base","moduleVersion":"17.0.8","declaringClass":"java.lang.reflect.Constructor","methodName":"newInstance","fileName":"Constructor.java","lineNumber":480,"format":2},{"classLoaderName":"app","declaringClass":"org.openqa.selenium.remote.codec.w3c.W3CHttpResponseCodec","methodName":"createException","fileName":"W3CHttpResponseCodec.java","lineNumber":200,"format":1},{"classLoaderName":"app","declaringClass":"org.openqa.selenium.remote.codec.w3c.W3CHttpResponseCodec","methodName":"decode","fileName":"W3CHttpResponseCodec.java","lineNumber":133,"format":1},{"classLoaderName":"app","declaringClass":"org.openqa.selenium.remote.codec.w3c.W3CHttpResponseCodec","methodName":"decode","fileName":"W3CHttpResponseCodec.java","lineNumber":52,"format":1},{"classLoaderName":"app","declaringClass":"org.openqa.selenium.remote.HttpCommandExecutor","methodName":"execute","fileName":"HttpCommandExecutor.java","lineNumber":191,"format":1},{"classLoaderName":"app","declaringClass":"org.openqa.selenium.remote.service.DriverCommandExecutor","methodName":"invokeExecute","fileName":"DriverCommandExecutor.java","lineNumber":200,"format":1},{"classLoaderName":"app","declaringClass":"org.openqa.selenium.remote.service.DriverCommandExecutor","methodName":"execute","fileName":"DriverCommandExecutor.java","lineNumber":175,"format":1},{"classLoaderName":"app","declaringClass":"org.openqa.selenium.remote.RemoteWebDriver","methodName":"execute","fileName":"RemoteWebDriver.java","lineNumber":523,"format":1},{"classLoaderName":"app","declaringClass":"org.openqa.selenium.remote.RemoteWebDriver","methodName":"execute","fileName":"RemoteWebDriver.java","lineNumber":596,"format":1},{"classLoaderName":"app","declaringClass":"org.openqa.selenium.remote.RemoteWebDriver","methodName":"execute","fileName":"RemoteWebDriver.java","lineNumber":600,"format":1},{"classLoaderName":"app","declaringClass":"org.openqa.selenium.remote.RemoteWebDriver","methodName":"getScreenshotAs","fileName":"RemoteWebDriver.java","lineNumber":326,"format":1},{"classLoaderName":"app","declaringClass":"uk.co.heartbingo.utility.Utility","methodName":"getScreenShot","fileName":"Utility.java","lineNumber":491,"format":1},{"classLoaderName":"app","declaringClass":"uk.co.heartbingo.steps.Hooks","methodName":"tearDown","fileName":"Hooks.java","lineNumber":18,"format":1}],"suppressedExceptions":[]},"stackTrace":"org.openqa.selenium.NoSuchWindowException: no such window: target window already closed\nfrom unknown error: web view not found\n  (Session info: chrome\u003d120.0.6099.227)\nBuild info: version: \u00274.16.1\u0027, revision: \u00279b4c83354e\u0027\nSystem info: os.name: \u0027Windows 11\u0027, os.arch: \u0027amd64\u0027, os.version: \u002710.0\u0027, java.version: \u002717.0.8\u0027\nDriver info: org.openqa.selenium.chrome.ChromeDriver\nCommand: [f12c17a3b61e07bc985b880741e8d38c, screenshot {}]\nCapabilities {acceptInsecureCerts: false, browserName: chrome, browserVersion: 120.0.6099.227, chrome: {chromedriverVersion: 120.0.6099.109 (3419140ab66..., userDataDir: C:\\WINDOWS\\SystemTemp\\scope...}, fedcm:accounts: true, goog:chromeOptions: {debuggerAddress: localhost:34589}, networkConnectionEnabled: false, pageLoadStrategy: normal, platformName: windows, proxy: Proxy(), se:cdp: ws://localhost:34589/devtoo..., se:cdpVersion: 120.0.6099.227, setWindowRect: true, strictFileInteractability: false, timeouts: {implicit: 0, pageLoad: 300000, script: 30000}, unhandledPromptBehavior: dismiss and notify, webauthn:extension:credBlob: true, webauthn:extension:largeBlob: true, webauthn:extension:minPinLength: true, webauthn:extension:prf: true, webauthn:virtualAuthenticators: true}\nSession ID: f12c17a3b61e07bc985b880741e8d38c\r\n\tat java.base/jdk.internal.reflect.NativeConstructorAccessorImpl.newInstance0(Native Method)\r\n\tat java.base/jdk.internal.reflect.NativeConstructorAccessorImpl.newInstance(NativeConstructorAccessorImpl.java:77)\r\n\tat java.base/jdk.internal.reflect.DelegatingConstructorAccessorImpl.newInstance(DelegatingConstructorAccessorImpl.java:45)\r\n\tat java.base/java.lang.reflect.Constructor.newInstanceWithCaller(Constructor.java:499)\r\n\tat java.base/java.lang.reflect.Constructor.newInstance(Constructor.java:480)\r\n\tat org.openqa.selenium.remote.codec.w3c.W3CHttpResponseCodec.createException(W3CHttpResponseCodec.java:200)\r\n\tat org.openqa.selenium.remote.codec.w3c.W3CHttpResponseCodec.decode(W3CHttpResponseCodec.java:133)\r\n\tat org.openqa.selenium.remote.codec.w3c.W3CHttpResponseCodec.decode(W3CHttpResponseCodec.java:52)\r\n\tat org.openqa.selenium.remote.HttpCommandExecutor.execute(HttpCommandExecutor.java:191)\r\n\tat org.openqa.selenium.remote.service.DriverCommandExecutor.invokeExecute(DriverCommandExecutor.java:200)\r\n\tat org.openqa.selenium.remote.service.DriverCommandExecutor.execute(DriverCommandExecutor.java:175)\r\n\tat org.openqa.selenium.remote.RemoteWebDriver.execute(RemoteWebDriver.java:523)\r\n\tat org.openqa.selenium.remote.RemoteWebDriver.execute(RemoteWebDriver.java:596)\r\n\tat org.openqa.selenium.remote.RemoteWebDriver.execute(RemoteWebDriver.java:600)\r\n\tat org.openqa.selenium.remote.RemoteWebDriver.getScreenshotAs(RemoteWebDriver.java:326)\r\n\tat uk.co.heartbingo.utility.Utility.getScreenShot(Utility.java:491)\r\n\tat uk.co.heartbingo.steps.Hooks.tearDown(Hooks.java:18)\r\n","name":"org.openqa.selenium.NoSuchWindowException"}],"authorSet":[],"categorySet":[],"deviceSet":[],"generatedLog":[]}],"logs":[],"media":[],"exceptions":[],"authorSet":[],"categorySet":[{"name":"@Positive"}],"deviceSet":[],"generatedLog":[]},{"useNaturalConf":true,"startTime":"Jan 28, 2024, 9:39:00 PM","endTime":"Jan 28, 2024, 9:39:13 PM","status":"FAIL","level":1,"isLeaf":false,"name":"User should not be able to login with invalid Credentials","description":"","bddType":"com.aventstack.extentreports.gherkin.model.Scenario","infoMap":{},"children":[{"useNaturalConf":true,"startTime":"Jan 28, 2024, 9:39:07 PM","endTime":"Jan 28, 2024, 9:39:07 PM","status":"PASS","level":2,"isLeaf":true,"name":"When User clicks on Login Link","description":"uk.co.heartbingo.steps.LoginSteps.userClicksOnLoginLink()","bddType":"com.aventstack.extentreports.gherkin.model.When","infoMap":{},"children":[],"logs":[{"timestamp":"Jan 28, 2024, 9:39:07 PM","status":"PASS","details":"","seq":0,"infoMap":{}}],"media":[],"exceptions":[],"authorSet":[],"categorySet":[],"deviceSet":[],"generatedLog":[]},{"useNaturalConf":true,"startTime":"Jan 28, 2024, 9:39:07 PM","endTime":"Jan 28, 2024, 9:39:11 PM","status":"PASS","level":2,"isLeaf":true,"name":"And User enters Invalid Username \"avinashp33@gmail.com\"","description":"uk.co.heartbingo.steps.LoginSteps.userEntersInvalidUsername(java.lang.String)","bddType":"com.aventstack.extentreports.gherkin.model.And","infoMap":{},"children":[],"logs":[{"timestamp":"Jan 28, 2024, 9:39:11 PM","status":"PASS","details":"","seq":0,"infoMap":{}}],"media":[],"exceptions":[],"authorSet":[],"categorySet":[],"deviceSet":[],"generatedLog":[]},{"useNaturalConf":true,"startTime":"Jan 28, 2024, 9:39:11 PM","endTime":"Jan 28, 2024, 9:39:11 PM","status":"PASS","level":2,"isLeaf":true,"name":"And User enters Invalid Password \"Prime12345!\"","description":"uk.co.heartbingo.steps.LoginSteps.userEntersInvalidPassword(java.lang.String)","bddType":"com.aventstack.extentreports.gherkin.model.And","infoMap":{},"children":[],"logs":[{"timestamp":"Jan 28, 2024, 9:39:11 PM","status":"PASS","details":"","seq":0,"infoMap":{}}],"media":[],"exceptions":[],"authorSet":[],"categorySet":[],"deviceSet":[],"generatedLog":[]},{"useNaturalConf":true,"startTime":"Jan 28, 2024, 9:39:11 PM","endTime":"Jan 28, 2024, 9:39:12 PM","status":"PASS","level":2,"isLeaf":true,"name":"And User clicks on Login Button","description":"uk.co.heartbingo.steps.LoginSteps.userClicksOnLoginButton()","bddType":"com.aventstack.extentreports.gherkin.model.And","infoMap":{},"children":[],"logs":[{"timestamp":"Jan 28, 2024, 9:39:12 PM","status":"PASS","details":"","seq":0,"infoMap":{}}],"media":[],"exceptions":[],"authorSet":[],"categorySet":[],"deviceSet":[],"generatedLog":[]},{"useNaturalConf":true,"startTime":"Jan 28, 2024, 9:39:12 PM","endTime":"Jan 28, 2024, 9:39:12 PM","status":"FAIL","level":2,"isLeaf":true,"name":"Then User should see error message for invalid Username and Password","description":"uk.co.heartbingo.steps.LoginSteps.userShouldSeeErrorMessageForInvalidUsernameAndPassword()","bddType":"com.aventstack.extentreports.gherkin.model.Then","infoMap":{},"children":[],"logs":[{"timestamp":"Jan 28, 2024, 9:39:12 PM","status":"FAIL","details":"","seq":0,"infoMap":{},"exception":{"exception":{"detailMessage":"expected [The username or password you entered is incorrect. Please try again] but found [The username or password you entered is incorrect. Please try again.]","stackTrace":[{"classLoaderName":"app","declaringClass":"org.testng.Assert","methodName":"fail","fileName":"Assert.java","lineNumber":111,"format":1},{"classLoaderName":"app","declaringClass":"org.testng.Assert","methodName":"failNotEquals","fileName":"Assert.java","lineNumber":1578,"format":1},{"classLoaderName":"app","declaringClass":"org.testng.Assert","methodName":"assertEqualsImpl","fileName":"Assert.java","lineNumber":150,"format":1},{"classLoaderName":"app","declaringClass":"org.testng.Assert","methodName":"assertEquals","fileName":"Assert.java","lineNumber":132,"format":1},{"classLoaderName":"app","declaringClass":"org.testng.Assert","methodName":"assertEquals","fileName":"Assert.java","lineNumber":656,"format":1},{"classLoaderName":"app","declaringClass":"org.testng.Assert","methodName":"assertEquals","fileName":"Assert.java","lineNumber":666,"format":1},{"classLoaderName":"app","declaringClass":"uk.co.heartbingo.steps.LoginSteps","methodName":"userShouldSeeErrorMessageForInvalidUsernameAndPassword","fileName":"LoginSteps.java","lineNumber":62,"format":1},{"declaringClass":"✽","methodName":"User should see error message for invalid Username and Password","fileName":"file:///C:/Users/Wilton/Homework/heartbingo-frontend/src/test/resources/features/LoginTest.feature","lineNumber":22,"format":0}],"suppressedExceptions":[]},"stackTrace":"java.lang.AssertionError: expected [The username or password you entered is incorrect. Please try again] but found [The username or password you entered is incorrect. Please try again.]\r\n\tat org.testng.Assert.fail(Assert.java:111)\r\n\tat org.testng.Assert.failNotEquals(Assert.java:1578)\r\n\tat org.testng.Assert.assertEqualsImpl(Assert.java:150)\r\n\tat org.testng.Assert.assertEquals(Assert.java:132)\r\n\tat org.testng.Assert.assertEquals(Assert.java:656)\r\n\tat org.testng.Assert.assertEquals(Assert.java:666)\r\n\tat uk.co.heartbingo.steps.LoginSteps.userShouldSeeErrorMessageForInvalidUsernameAndPassword(LoginSteps.java:62)\r\n\tat ✽.User should see error message for invalid Username and Password(file:///C:/Users/Wilton/Homework/heartbingo-frontend/src/test/resources/features/LoginTest.feature:22)\r\n","name":"java.lang.AssertionError"}}],"media":[],"exceptions":[{"exception":{"detailMessage":"expected [The username or password you entered is incorrect. Please try again] but found [The username or password you entered is incorrect. Please try again.]","stackTrace":[{"classLoaderName":"app","declaringClass":"org.testng.Assert","methodName":"fail","fileName":"Assert.java","lineNumber":111,"format":1},{"classLoaderName":"app","declaringClass":"org.testng.Assert","methodName":"failNotEquals","fileName":"Assert.java","lineNumber":1578,"format":1},{"classLoaderName":"app","declaringClass":"org.testng.Assert","methodName":"assertEqualsImpl","fileName":"Assert.java","lineNumber":150,"format":1},{"classLoaderName":"app","declaringClass":"org.testng.Assert","methodName":"assertEquals","fileName":"Assert.java","lineNumber":132,"format":1},{"classLoaderName":"app","declaringClass":"org.testng.Assert","methodName":"assertEquals","fileName":"Assert.java","lineNumber":656,"format":1},{"classLoaderName":"app","declaringClass":"org.testng.Assert","methodName":"assertEquals","fileName":"Assert.java","lineNumber":666,"format":1},{"classLoaderName":"app","declaringClass":"uk.co.heartbingo.steps.LoginSteps","methodName":"userShouldSeeErrorMessageForInvalidUsernameAndPassword","fileName":"LoginSteps.java","lineNumber":62,"format":1},{"declaringClass":"✽","methodName":"User should see error message for invalid Username and Password","fileName":"file:///C:/Users/Wilton/Homework/heartbingo-frontend/src/test/resources/features/LoginTest.feature","lineNumber":22,"format":0}],"suppressedExceptions":[]},"stackTrace":"java.lang.AssertionError: expected [The username or password you entered is incorrect. Please try again] but found [The username or password you entered is incorrect. Please try again.]\r\n\tat org.testng.Assert.fail(Assert.java:111)\r\n\tat org.testng.Assert.failNotEquals(Assert.java:1578)\r\n\tat org.testng.Assert.assertEqualsImpl(Assert.java:150)\r\n\tat org.testng.Assert.assertEquals(Assert.java:132)\r\n\tat org.testng.Assert.assertEquals(Assert.java:656)\r\n\tat org.testng.Assert.assertEquals(Assert.java:666)\r\n\tat uk.co.heartbingo.steps.LoginSteps.userShouldSeeErrorMessageForInvalidUsernameAndPassword(LoginSteps.java:62)\r\n\tat ✽.User should see error message for invalid Username and Password(file:///C:/Users/Wilton/Homework/heartbingo-frontend/src/test/resources/features/LoginTest.feature:22)\r\n","name":"java.lang.AssertionError"}],"authorSet":[],"categorySet":[],"deviceSet":[],"generatedLog":[]},{"useNaturalConf":true,"startTime":"Jan 28, 2024, 9:39:12 PM","endTime":"Jan 28, 2024, 9:39:13 PM","status":"PASS","level":2,"isLeaf":true,"name":"uk.co.heartbingo.steps.Hooks.tearDown(io.cucumber.java.Scenario)","description":"AFTER","bddType":"com.aventstack.extentreports.gherkin.model.Asterisk","infoMap":{},"children":[],"logs":[{"timestamp":"Jan 28, 2024, 9:39:13 PM","status":"INFO","details":"User should not be able to login with invalid Credentials","seq":0,"infoMap":{},"media":{"path":"../screenshots/embedded1.png"}},{"timestamp":"Jan 28, 2024, 9:39:13 PM","status":"PASS","details":"","seq":1,"infoMap":{}}],"media":[],"exceptions":[],"authorSet":[],"categorySet":[],"deviceSet":[],"generatedLog":[]}],"logs":[],"media":[],"exceptions":[],"authorSet":[],"categorySet":[{"name":"@Negative"}],"deviceSet":[],"generatedLog":[]}],"logs":[],"media":[],"exceptions":[],"authorSet":[],"categorySet":[],"deviceSet":[],"generatedLog":[]}]